<?xml version="1.0" encoding="UTF-8"?>
<testsuite xmlns:xsi="http://www.w3.org/2001/XMLSchema-instance" xsi:noNamespaceSchemaLocation="https://maven.apache.org/surefire/maven-surefire-plugin/xsd/surefire-test-report.xsd" name="com.driver.test.TestCases" time="0.024" tests="3" errors="0" skipped="0" failures="0">
  <properties>
[...]
</properties>
  <testcase name="testDirectChildCall" classname="com.driver.test.TestCases" time="0.016"/>
  <testcase name="testOverriddenMethod" classname="com.driver.test.TestCases" time="0"/>
  <testcase name="testParentMethod" classname="com.driver.test.TestCases" time="0"/>
</testsuite>